[debug] [2026-07-01T14:15:49.214Z] [Firebase Plugin] Activating Firebase extension.
[debug] [2026-07-01T14:15:53.399Z] [Firebase Plugin] requireAuthWrapper
[debug] [2026-07-01T14:15:53.408Z] > command requires scopes: ["email","openid","https://www.googleapis.com/auth/cloudplatformprojects.readonly","https://www.googleapis.com/auth/firebase","https://www.googleapis.com/auth/cloud-platform"]
[debug] [2026-07-01T14:15:53.408Z] > authorizing via signed-in user (boston.sqelll@gmail.com)
[debug] [2026-07-01T14:15:53.410Z] Checked if tokens are valid: true, expires at: 1782918948375
[debug] [2026-07-01T14:15:53.410Z] Checked if tokens are valid: true, expires at: 1782918948375
[debug] [2026-07-01T14:15:53.411Z] [Firebase Plugin] User found:  boston.sqelll@gmail.com
[info] [Firebase Plugin] (Core:Project) New user detected, fetching projects
[debug] [2026-07-01T14:15:53.411Z] Checked if tokens are valid: true, expires at: 1782918948375
[debug] [2026-07-01T14:15:53.412Z] >>> [apiv2][query] GET https://firebase.googleapis.com/v1beta1/projects pageSize=1000
[debug] [2026-07-01T14:15:53.420Z] [Firebase Plugin] VSCode notification server listening on port 40001
[debug] [2026-07-01T14:15:53.613Z] Field "/storage" in "firebase.json" is possibly invalid: must be object
[debug] [2026-07-01T14:15:53.613Z] Object "/storage/0" in "firebase.json" is missing required property: {"missingProperty":"bucket"}
[debug] [2026-07-01T14:15:53.613Z] Field "/storage" in "firebase.json" is possibly invalid: must match a schema in anyOf
[info] [Firebase Plugin] Starting SQL Connect toolkit (version 3.4.11) on port 50001
[debug] [2026-07-01T14:15:53.890Z] 'fdc build' failed with error: Unable to build your SQL Connect schema and connectors (exit code 1): E0701 19:15:53.886922   24472 cmd.go:43] Error loading data connect config: could not find dataconnect.yaml in `c:\Dev\sosun-fihaara-firebase\dataconnect`
 {"metadata":{"emulator":{"name":"dataconnect"},"message":"'fdc build' failed with error: Unable to build your SQL Connect schema and connectors (exit code 1): E0701 19:15:53.886922   24472 cmd.go:43] Error loading data connect config: could not find dataconnect.yaml in `c:\\Dev\\sosun-fihaara-firebase\\dataconnect`\n"}}
[debug] [2026-07-01T14:15:53.890Z] Ignoring unsupported arg: auto_download {"metadata":{"emulator":{"name":"dataconnect"},"message":"Ignoring unsupported arg: auto_download"}}
[debug] [2026-07-01T14:15:53.891Z] Ignoring unsupported arg: port {"metadata":{"emulator":{"name":"dataconnect"},"message":"Ignoring unsupported arg: port"}}
[debug] [2026-07-01T14:15:53.891Z] Starting SQL Connect Emulator with command {"binary":"C:\\Users\\User\\.cache\\firebase\\emulators\\dataconnect-emulator-3.4.11.exe","args":["--logtostderr","-v=2","dev","--listen=localhost:50001","--config_dir=c:\\Dev\\sosun-fihaara-firebase\\dataconnect","--enable_output_schema_extensions=true","--enable_output_generated_sdk=true"],"optionalArgs":["listen","config_dir","enable_output_schema_extensions","enable_output_generated_sdk"],"joinArgs":true,"shell":false,"port":9399} {"metadata":{"emulator":{"name":"dataconnect"},"message":"Starting SQL Connect Emulator with command {\"binary\":\"C:\\\\Users\\\\User\\\\.cache\\\\firebase\\\\emulators\\\\dataconnect-emulator-3.4.11.exe\",\"args\":[\"--logtostderr\",\"-v=2\",\"dev\",\"--listen=localhost:50001\",\"--config_dir=c:\\\\Dev\\\\sosun-fihaara-firebase\\\\dataconnect\",\"--enable_output_schema_extensions=true\",\"--enable_output_generated_sdk=true\"],\"optionalArgs\":[\"listen\",\"config_dir\",\"enable_output_schema_extensions\",\"enable_output_generated_sdk\"],\"joinArgs\":true,\"shell\":false,\"port\":9399}"}}
[info] i  dataconnect: SQL Connect Emulator logging to dataconnect-debug.log {"metadata":{"emulator":{"name":"dataconnect"},"message":"SQL Connect Emulator logging to \u001b[1mdataconnect-debug.log\u001b[22m"}}
[debug] [2026-07-01T14:15:53.914Z] E0701 19:15:53.914049   15268 dev.go:83] Failed to load initial config from "c:\\Dev\\sosun-fihaara-firebase\\dataconnect": could not find dataconnect.yaml in `c:\Dev\sosun-fihaara-firebase\dataconnect`
 {"metadata":{"emulator":{"name":"dataconnect"},"message":"E0701 19:15:53.914049   15268 dev.go:83] Failed to load initial config from \"c:\\\\Dev\\\\sosun-fihaara-firebase\\\\dataconnect\": could not find dataconnect.yaml in `c:\\Dev\\sosun-fihaara-firebase\\dataconnect`\n"}}
[debug] [2026-07-01T14:15:53.916Z] E0701 19:15:53.915193   15268 watch.go:116] watchAllDir unable to walk dir `c:\Dev\sosun-fihaara-firebase\dataconnect`: GetFileAttributesEx c:\Dev\sosun-fihaara-firebase\dataconnect: The system cannot find the file specified.
 {"metadata":{"emulator":{"name":"dataconnect"},"message":"E0701 19:15:53.915193   15268 watch.go:116] watchAllDir unable to walk dir `c:\\Dev\\sosun-fihaara-firebase\\dataconnect`: GetFileAttributesEx c:\\Dev\\sosun-fihaara-firebase\\dataconnect: The system cannot find the file specified.\n"}}
[debug] [2026-07-01T14:15:53.924Z] I0701 19:15:53.924607   15268 dev.go:104] Listening on address (HTTP + gRPC): 127.0.0.1:50001
 {"metadata":{"emulator":{"name":"dataconnect"},"message":"I0701 19:15:53.924607   15268 dev.go:104] Listening on address (HTTP + gRPC): 127.0.0.1:50001\n"}}
[error] [Firebase Plugin] error:  {}
[debug] [2026-07-01T14:15:57.848Z] <<< [apiv2][status] GET https://firebase.googleapis.com/v1beta1/projects 200
[debug] [2026-07-01T14:15:57.848Z] <<< [apiv2][body] GET https://firebase.googleapis.com/v1beta1/projects [omitted]
[debug] [2026-07-01T14:16:03.917Z] E0701 19:16:03.917329   15268 watch.go:40] Failed to load config from "c:\\Dev\\sosun-fihaara-firebase\\dataconnect": could not find dataconnect.yaml in `c:\Dev\sosun-fihaara-firebase\dataconnect`
 {"metadata":{"emulator":{"name":"dataconnect"},"message":"E0701 19:16:03.917329   15268 watch.go:40] Failed to load config from \"c:\\\\Dev\\\\sosun-fihaara-firebase\\\\dataconnect\": could not find dataconnect.yaml in `c:\\Dev\\sosun-fihaara-firebase\\dataconnect`\n"}}
[debug] [2026-07-01T14:16:13.917Z] E0701 19:16:13.917374   15268 watch.go:40] Failed to load config from "c:\\Dev\\sosun-fihaara-firebase\\dataconnect": could not find dataconnect.yaml in `c:\Dev\sosun-fihaara-firebase\dataconnect`
 {"metadata":{"emulator":{"name":"dataconnect"},"message":"E0701 19:16:13.917374   15268 watch.go:40] Failed to load config from \"c:\\\\Dev\\\\sosun-fihaara-firebase\\\\dataconnect\": could not find dataconnect.yaml in `c:\\Dev\\sosun-fihaara-firebase\\dataconnect`\n"}}
[debug] [2026-07-01T14:16:23.917Z] E0701 19:16:23.917119   15268 watch.go:40] Failed to load config from "c:\\Dev\\sosun-fihaara-firebase\\dataconnect": could not find dataconnect.yaml in `c:\Dev\sosun-fihaara-firebase\dataconnect`
 {"metadata":{"emulator":{"name":"dataconnect"},"message":"E0701 19:16:23.917119   15268 watch.go:40] Failed to load config from \"c:\\\\Dev\\\\sosun-fihaara-firebase\\\\dataconnect\": could not find dataconnect.yaml in `c:\\Dev\\sosun-fihaara-firebase\\dataconnect`\n"}}
[debug] [2026-07-01T14:16:33.917Z] E0701 19:16:33.917189   15268 watch.go:40] Failed to load config from "c:\\Dev\\sosun-fihaara-firebase\\dataconnect": could not find dataconnect.yaml in `c:\Dev\sosun-fihaara-firebase\dataconnect`
 {"metadata":{"emulator":{"name":"dataconnect"},"message":"E0701 19:16:33.917189   15268 watch.go:40] Failed to load config from \"c:\\\\Dev\\\\sosun-fihaara-firebase\\\\dataconnect\": could not find dataconnect.yaml in `c:\\Dev\\sosun-fihaara-firebase\\dataconnect`\n"}}
[debug] [2026-07-01T14:16:43.917Z] E0701 19:16:43.917264   15268 watch.go:40] Failed to load config from "c:\\Dev\\sosun-fihaara-firebase\\dataconnect": could not find dataconnect.yaml in `c:\Dev\sosun-fihaara-firebase\dataconnect`
 {"metadata":{"emulator":{"name":"dataconnect"},"message":"E0701 19:16:43.917264   15268 watch.go:40] Failed to load config from \"c:\\\\Dev\\\\sosun-fihaara-firebase\\\\dataconnect\": could not find dataconnect.yaml in `c:\\Dev\\sosun-fihaara-firebase\\dataconnect`\n"}}
[debug] [2026-07-01T14:16:53.917Z] E0701 19:16:53.917459   15268 watch.go:116] watchAllDir unable to walk dir `c:\Dev\sosun-fihaara-firebase\dataconnect`: GetFileAttributesEx c:\Dev\sosun-fihaara-firebase\dataconnect: The system cannot find the file specified.
E0701 19:16:53.917459   15268 watch.go:40] Failed to load config from "c:\\Dev\\sosun-fihaara-firebase\\dataconnect": could not find dataconnect.yaml in `c:\Dev\sosun-fihaara-firebase\dataconnect`
 {"metadata":{"emulator":{"name":"dataconnect"},"message":"E0701 19:16:53.917459   15268 watch.go:116] watchAllDir unable to walk dir `c:\\Dev\\sosun-fihaara-firebase\\dataconnect`: GetFileAttributesEx c:\\Dev\\sosun-fihaara-firebase\\dataconnect: The system cannot find the file specified.\nE0701 19:16:53.917459   15268 watch.go:40] Failed to load config from \"c:\\\\Dev\\\\sosun-fihaara-firebase\\\\dataconnect\": could not find dataconnect.yaml in `c:\\Dev\\sosun-fihaara-firebase\\dataconnect`\n"}}
[debug] [2026-07-01T14:17:03.917Z] E0701 19:17:03.917197   15268 watch.go:40] Failed to load config from "c:\\Dev\\sosun-fihaara-firebase\\dataconnect": could not find dataconnect.yaml in `c:\Dev\sosun-fihaara-firebase\dataconnect`
 {"metadata":{"emulator":{"name":"dataconnect"},"message":"E0701 19:17:03.917197   15268 watch.go:40] Failed to load config from \"c:\\\\Dev\\\\sosun-fihaara-firebase\\\\dataconnect\": could not find dataconnect.yaml in `c:\\Dev\\sosun-fihaara-firebase\\dataconnect`\n"}}
[debug] [2026-07-01T14:17:13.916Z] E0701 19:17:13.917088   15268 watch.go:40] Failed to load config from "c:\\Dev\\sosun-fihaara-firebase\\dataconnect": could not find dataconnect.yaml in `c:\Dev\sosun-fihaara-firebase\dataconnect`
 {"metadata":{"emulator":{"name":"dataconnect"},"message":"E0701 19:17:13.917088   15268 watch.go:40] Failed to load config from \"c:\\\\Dev\\\\sosun-fihaara-firebase\\\\dataconnect\": could not find dataconnect.yaml in `c:\\Dev\\sosun-fihaara-firebase\\dataconnect`\n"}}
[debug] [2026-07-01T14:17:23.917Z] E0701 19:17:23.917296   15268 watch.go:40] Failed to load config from "c:\\Dev\\sosun-fihaara-firebase\\dataconnect": could not find dataconnect.yaml in `c:\Dev\sosun-fihaara-firebase\dataconnect`
 {"metadata":{"emulator":{"name":"dataconnect"},"message":"E0701 19:17:23.917296   15268 watch.go:40] Failed to load config from \"c:\\\\Dev\\\\sosun-fihaara-firebase\\\\dataconnect\": could not find dataconnect.yaml in `c:\\Dev\\sosun-fihaara-firebase\\dataconnect`\n"}}
[debug] [2026-07-01T14:17:33.917Z] E0701 19:17:33.917279   15268 watch.go:40] Failed to load config from "c:\\Dev\\sosun-fihaara-firebase\\dataconnect": could not find dataconnect.yaml in `c:\Dev\sosun-fihaara-firebase\dataconnect`
 {"metadata":{"emulator":{"name":"dataconnect"},"message":"E0701 19:17:33.917279   15268 watch.go:40] Failed to load config from \"c:\\\\Dev\\\\sosun-fihaara-firebase\\\\dataconnect\": could not find dataconnect.yaml in `c:\\Dev\\sosun-fihaara-firebase\\dataconnect`\n"}}
[debug] [2026-07-01T14:17:43.917Z] E0701 19:17:43.917359   15268 watch.go:40] Failed to load config from "c:\\Dev\\sosun-fihaara-firebase\\dataconnect": could not find dataconnect.yaml in `c:\Dev\sosun-fihaara-firebase\dataconnect`
 {"metadata":{"emulator":{"name":"dataconnect"},"message":"E0701 19:17:43.917359   15268 watch.go:40] Failed to load config from \"c:\\\\Dev\\\\sosun-fihaara-firebase\\\\dataconnect\": could not find dataconnect.yaml in `c:\\Dev\\sosun-fihaara-firebase\\dataconnect`\n"}}
[debug] [2026-07-01T14:17:53.917Z] E0701 19:17:53.917353   15268 watch.go:116] watchAllDir unable to walk dir `c:\Dev\sosun-fihaara-firebase\dataconnect`: GetFileAttributesEx c:\Dev\sosun-fihaara-firebase\dataconnect: The system cannot find the file specified.
E0701 19:17:53.917353   15268 watch.go:40] Failed to load config from "c:\\Dev\\sosun-fihaara-firebase\\dataconnect": could not find dataconnect.yaml in `c:\Dev\sosun-fihaara-firebase\dataconnect`
 {"metadata":{"emulator":{"name":"dataconnect"},"message":"E0701 19:17:53.917353   15268 watch.go:116] watchAllDir unable to walk dir `c:\\Dev\\sosun-fihaara-firebase\\dataconnect`: GetFileAttributesEx c:\\Dev\\sosun-fihaara-firebase\\dataconnect: The system cannot find the file specified.\nE0701 19:17:53.917353   15268 watch.go:40] Failed to load config from \"c:\\\\Dev\\\\sosun-fihaara-firebase\\\\dataconnect\": could not find dataconnect.yaml in `c:\\Dev\\sosun-fihaara-firebase\\dataconnect`\n"}}
[debug] [2026-07-01T14:18:03.919Z] E0701 19:18:03.919156   15268 watch.go:40] Failed to load config from "c:\\Dev\\sosun-fihaara-firebase\\dataconnect": could not find dataconnect.yaml in `c:\Dev\sosun-fihaara-firebase\dataconnect`
 {"metadata":{"emulator":{"name":"dataconnect"},"message":"E0701 19:18:03.919156   15268 watch.go:40] Failed to load config from \"c:\\\\Dev\\\\sosun-fihaara-firebase\\\\dataconnect\": could not find dataconnect.yaml in `c:\\Dev\\sosun-fihaara-firebase\\dataconnect`\n"}}
[debug] [2026-07-01T14:18:13.917Z] E0701 19:18:13.917364   15268 watch.go:40] Failed to load config from "c:\\Dev\\sosun-fihaara-firebase\\dataconnect": could not find dataconnect.yaml in `c:\Dev\sosun-fihaara-firebase\dataconnect`
 {"metadata":{"emulator":{"name":"dataconnect"},"message":"E0701 19:18:13.917364   15268 watch.go:40] Failed to load config from \"c:\\\\Dev\\\\sosun-fihaara-firebase\\\\dataconnect\": could not find dataconnect.yaml in `c:\\Dev\\sosun-fihaara-firebase\\dataconnect`\n"}}
[debug] [2026-07-01T14:18:23.916Z] E0701 19:18:23.916979   15268 watch.go:40] Failed to load config from "c:\\Dev\\sosun-fihaara-firebase\\dataconnect": could not find dataconnect.yaml in `c:\Dev\sosun-fihaara-firebase\dataconnect`
 {"metadata":{"emulator":{"name":"dataconnect"},"message":"E0701 19:18:23.916979   15268 watch.go:40] Failed to load config from \"c:\\\\Dev\\\\sosun-fihaara-firebase\\\\dataconnect\": could not find dataconnect.yaml in `c:\\Dev\\sosun-fihaara-firebase\\dataconnect`\n"}}
[debug] [2026-07-01T14:18:33.917Z] E0701 19:18:33.917346   15268 watch.go:40] Failed to load config from "c:\\Dev\\sosun-fihaara-firebase\\dataconnect": could not find dataconnect.yaml in `c:\Dev\sosun-fihaara-firebase\dataconnect`
 {"metadata":{"emulator":{"name":"dataconnect"},"message":"E0701 19:18:33.917346   15268 watch.go:40] Failed to load config from \"c:\\\\Dev\\\\sosun-fihaara-firebase\\\\dataconnect\": could not find dataconnect.yaml in `c:\\Dev\\sosun-fihaara-firebase\\dataconnect`\n"}}
[debug] [2026-07-01T14:18:43.917Z] E0701 19:18:43.917036   15268 watch.go:40] Failed to load config from "c:\\Dev\\sosun-fihaara-firebase\\dataconnect": could not find dataconnect.yaml in `c:\Dev\sosun-fihaara-firebase\dataconnect`
 {"metadata":{"emulator":{"name":"dataconnect"},"message":"E0701 19:18:43.917036   15268 watch.go:40] Failed to load config from \"c:\\\\Dev\\\\sosun-fihaara-firebase\\\\dataconnect\": could not find dataconnect.yaml in `c:\\Dev\\sosun-fihaara-firebase\\dataconnect`\n"}}
[debug] [2026-07-01T14:18:53.917Z] E0701 19:18:53.917319   15268 watch.go:40] Failed to load config from "c:\\Dev\\sosun-fihaara-firebase\\dataconnect": could not find dataconnect.yaml in `c:\Dev\sosun-fihaara-firebase\dataconnect`
 {"metadata":{"emulator":{"name":"dataconnect"},"message":"E0701 19:18:53.917319   15268 watch.go:40] Failed to load config from \"c:\\\\Dev\\\\sosun-fihaara-firebase\\\\dataconnect\": could not find dataconnect.yaml in `c:\\Dev\\sosun-fihaara-firebase\\dataconnect`\n"}}
[debug] [2026-07-01T14:18:53.918Z] E0701 19:18:53.917319   15268 watch.go:116] watchAllDir unable to walk dir `c:\Dev\sosun-fihaara-firebase\dataconnect`: GetFileAttributesEx c:\Dev\sosun-fihaara-firebase\dataconnect: The system cannot find the file specified.
 {"metadata":{"emulator":{"name":"dataconnect"},"message":"E0701 19:18:53.917319   15268 watch.go:116] watchAllDir unable to walk dir `c:\\Dev\\sosun-fihaara-firebase\\dataconnect`: GetFileAttributesEx c:\\Dev\\sosun-fihaara-firebase\\dataconnect: The system cannot find the file specified.\n"}}
[debug] [2026-07-01T14:19:03.917Z] E0701 19:19:03.917324   15268 watch.go:40] Failed to load config from "c:\\Dev\\sosun-fihaara-firebase\\dataconnect": could not find dataconnect.yaml in `c:\Dev\sosun-fihaara-firebase\dataconnect`
 {"metadata":{"emulator":{"name":"dataconnect"},"message":"E0701 19:19:03.917324   15268 watch.go:40] Failed to load config from \"c:\\\\Dev\\\\sosun-fihaara-firebase\\\\dataconnect\": could not find dataconnect.yaml in `c:\\Dev\\sosun-fihaara-firebase\\dataconnect`\n"}}
[debug] [2026-07-01T14:19:13.917Z] E0701 19:19:13.917491   15268 watch.go:40] Failed to load config from "c:\\Dev\\sosun-fihaara-firebase\\dataconnect": could not find dataconnect.yaml in `c:\Dev\sosun-fihaara-firebase\dataconnect`
 {"metadata":{"emulator":{"name":"dataconnect"},"message":"E0701 19:19:13.917491   15268 watch.go:40] Failed to load config from \"c:\\\\Dev\\\\sosun-fihaara-firebase\\\\dataconnect\": could not find dataconnect.yaml in `c:\\Dev\\sosun-fihaara-firebase\\dataconnect`\n"}}
[debug] [2026-07-01T14:19:23.917Z] E0701 19:19:23.917197   15268 watch.go:40] Failed to load config from "c:\\Dev\\sosun-fihaara-firebase\\dataconnect": could not find dataconnect.yaml in `c:\Dev\sosun-fihaara-firebase\dataconnect`
 {"metadata":{"emulator":{"name":"dataconnect"},"message":"E0701 19:19:23.917197   15268 watch.go:40] Failed to load config from \"c:\\\\Dev\\\\sosun-fihaara-firebase\\\\dataconnect\": could not find dataconnect.yaml in `c:\\Dev\\sosun-fihaara-firebase\\dataconnect`\n"}}
[debug] [2026-07-01T14:19:33.917Z] E0701 19:19:33.917292   15268 watch.go:40] Failed to load config from "c:\\Dev\\sosun-fihaara-firebase\\dataconnect": could not find dataconnect.yaml in `c:\Dev\sosun-fihaara-firebase\dataconnect`
 {"metadata":{"emulator":{"name":"dataconnect"},"message":"E0701 19:19:33.917292   15268 watch.go:40] Failed to load config from \"c:\\\\Dev\\\\sosun-fihaara-firebase\\\\dataconnect\": could not find dataconnect.yaml in `c:\\Dev\\sosun-fihaara-firebase\\dataconnect`\n"}}
[debug] [2026-07-01T14:19:43.917Z] E0701 19:19:43.917328   15268 watch.go:40] Failed to load config from "c:\\Dev\\sosun-fihaara-firebase\\dataconnect": could not find dataconnect.yaml in `c:\Dev\sosun-fihaara-firebase\dataconnect`
 {"metadata":{"emulator":{"name":"dataconnect"},"message":"E0701 19:19:43.917328   15268 watch.go:40] Failed to load config from \"c:\\\\Dev\\\\sosun-fihaara-firebase\\\\dataconnect\": could not find dataconnect.yaml in `c:\\Dev\\sosun-fihaara-firebase\\dataconnect`\n"}}
[debug] [2026-07-01T14:19:53.917Z] E0701 19:19:53.917314   15268 watch.go:116] watchAllDir unable to walk dir `c:\Dev\sosun-fihaara-firebase\dataconnect`: GetFileAttributesEx c:\Dev\sosun-fihaara-firebase\dataconnect: The system cannot find the file specified.
E0701 19:19:53.917314   15268 watch.go:40] Failed to load config from "c:\\Dev\\sosun-fihaara-firebase\\dataconnect": could not find dataconnect.yaml in `c:\Dev\sosun-fihaara-firebase\dataconnect`
 {"metadata":{"emulator":{"name":"dataconnect"},"message":"E0701 19:19:53.917314   15268 watch.go:116] watchAllDir unable to walk dir `c:\\Dev\\sosun-fihaara-firebase\\dataconnect`: GetFileAttributesEx c:\\Dev\\sosun-fihaara-firebase\\dataconnect: The system cannot find the file specified.\nE0701 19:19:53.917314   15268 watch.go:40] Failed to load config from \"c:\\\\Dev\\\\sosun-fihaara-firebase\\\\dataconnect\": could not find dataconnect.yaml in `c:\\Dev\\sosun-fihaara-firebase\\dataconnect`\n"}}
[debug] [2026-07-01T14:20:03.917Z] E0701 19:20:03.917294   15268 watch.go:40] Failed to load config from "c:\\Dev\\sosun-fihaara-firebase\\dataconnect": could not find dataconnect.yaml in `c:\Dev\sosun-fihaara-firebase\dataconnect`
 {"metadata":{"emulator":{"name":"dataconnect"},"message":"E0701 19:20:03.917294   15268 watch.go:40] Failed to load config from \"c:\\\\Dev\\\\sosun-fihaara-firebase\\\\dataconnect\": could not find dataconnect.yaml in `c:\\Dev\\sosun-fihaara-firebase\\dataconnect`\n"}}
[debug] [2026-07-01T14:20:13.917Z] E0701 19:20:13.917288   15268 watch.go:40] Failed to load config from "c:\\Dev\\sosun-fihaara-firebase\\dataconnect": could not find dataconnect.yaml in `c:\Dev\sosun-fihaara-firebase\dataconnect`
 {"metadata":{"emulator":{"name":"dataconnect"},"message":"E0701 19:20:13.917288   15268 watch.go:40] Failed to load config from \"c:\\\\Dev\\\\sosun-fihaara-firebase\\\\dataconnect\": could not find dataconnect.yaml in `c:\\Dev\\sosun-fihaara-firebase\\dataconnect`\n"}}
[debug] [2026-07-01T14:20:23.917Z] E0701 19:20:23.917630   15268 watch.go:40] Failed to load config from "c:\\Dev\\sosun-fihaara-firebase\\dataconnect": could not find dataconnect.yaml in `c:\Dev\sosun-fihaara-firebase\dataconnect`
 {"metadata":{"emulator":{"name":"dataconnect"},"message":"E0701 19:20:23.917630   15268 watch.go:40] Failed to load config from \"c:\\\\Dev\\\\sosun-fihaara-firebase\\\\dataconnect\": could not find dataconnect.yaml in `c:\\Dev\\sosun-fihaara-firebase\\dataconnect`\n"}}
[debug] [2026-07-01T14:20:33.916Z] E0701 19:20:33.917047   15268 watch.go:40] Failed to load config from "c:\\Dev\\sosun-fihaara-firebase\\dataconnect": could not find dataconnect.yaml in `c:\Dev\sosun-fihaara-firebase\dataconnect`
 {"metadata":{"emulator":{"name":"dataconnect"},"message":"E0701 19:20:33.917047   15268 watch.go:40] Failed to load config from \"c:\\\\Dev\\\\sosun-fihaara-firebase\\\\dataconnect\": could not find dataconnect.yaml in `c:\\Dev\\sosun-fihaara-firebase\\dataconnect`\n"}}
[debug] [2026-07-01T14:20:43.922Z] E0701 19:20:43.922920   15268 watch.go:40] Failed to load config from "c:\\Dev\\sosun-fihaara-firebase\\dataconnect": could not find dataconnect.yaml in `c:\Dev\sosun-fihaara-firebase\dataconnect`
 {"metadata":{"emulator":{"name":"dataconnect"},"message":"E0701 19:20:43.922920   15268 watch.go:40] Failed to load config from \"c:\\\\Dev\\\\sosun-fihaara-firebase\\\\dataconnect\": could not find dataconnect.yaml in `c:\\Dev\\sosun-fihaara-firebase\\dataconnect`\n"}}
[debug] [2026-07-01T14:20:53.916Z] E0701 19:20:53.917035   15268 watch.go:116] watchAllDir unable to walk dir `c:\Dev\sosun-fihaara-firebase\dataconnect`: GetFileAttributesEx c:\Dev\sosun-fihaara-firebase\dataconnect: The system cannot find the file specified.
E0701 19:20:53.917035   15268 watch.go:40] Failed to load config from "c:\\Dev\\sosun-fihaara-firebase\\dataconnect": could not find dataconnect.yaml in `c:\Dev\sosun-fihaara-firebase\dataconnect`
 {"metadata":{"emulator":{"name":"dataconnect"},"message":"E0701 19:20:53.917035   15268 watch.go:116] watchAllDir unable to walk dir `c:\\Dev\\sosun-fihaara-firebase\\dataconnect`: GetFileAttributesEx c:\\Dev\\sosun-fihaara-firebase\\dataconnect: The system cannot find the file specified.\nE0701 19:20:53.917035   15268 watch.go:40] Failed to load config from \"c:\\\\Dev\\\\sosun-fihaara-firebase\\\\dataconnect\": could not find dataconnect.yaml in `c:\\Dev\\sosun-fihaara-firebase\\dataconnect`\n"}}
[debug] [2026-07-01T14:21:03.917Z] E0701 19:21:03.917542   15268 watch.go:40] Failed to load config from "c:\\Dev\\sosun-fihaara-firebase\\dataconnect": could not find dataconnect.yaml in `c:\Dev\sosun-fihaara-firebase\dataconnect`
 {"metadata":{"emulator":{"name":"dataconnect"},"message":"E0701 19:21:03.917542   15268 watch.go:40] Failed to load config from \"c:\\\\Dev\\\\sosun-fihaara-firebase\\\\dataconnect\": could not find dataconnect.yaml in `c:\\Dev\\sosun-fihaara-firebase\\dataconnect`\n"}}
[debug] [2026-07-01T14:21:13.917Z] E0701 19:21:13.917569   15268 watch.go:40] Failed to load config from "c:\\Dev\\sosun-fihaara-firebase\\dataconnect": could not find dataconnect.yaml in `c:\Dev\sosun-fihaara-firebase\dataconnect`
 {"metadata":{"emulator":{"name":"dataconnect"},"message":"E0701 19:21:13.917569   15268 watch.go:40] Failed to load config from \"c:\\\\Dev\\\\sosun-fihaara-firebase\\\\dataconnect\": could not find dataconnect.yaml in `c:\\Dev\\sosun-fihaara-firebase\\dataconnect`\n"}}
[debug] [2026-07-01T14:21:23.917Z] E0701 19:21:23.917217   15268 watch.go:40] Failed to load config from "c:\\Dev\\sosun-fihaara-firebase\\dataconnect": could not find dataconnect.yaml in `c:\Dev\sosun-fihaara-firebase\dataconnect`
 {"metadata":{"emulator":{"name":"dataconnect"},"message":"E0701 19:21:23.917217   15268 watch.go:40] Failed to load config from \"c:\\\\Dev\\\\sosun-fihaara-firebase\\\\dataconnect\": could not find dataconnect.yaml in `c:\\Dev\\sosun-fihaara-firebase\\dataconnect`\n"}}
[debug] [2026-07-01T14:21:33.917Z] E0701 19:21:33.917434   15268 watch.go:40] Failed to load config from "c:\\Dev\\sosun-fihaara-firebase\\dataconnect": could not find dataconnect.yaml in `c:\Dev\sosun-fihaara-firebase\dataconnect`
 {"metadata":{"emulator":{"name":"dataconnect"},"message":"E0701 19:21:33.917434   15268 watch.go:40] Failed to load config from \"c:\\\\Dev\\\\sosun-fihaara-firebase\\\\dataconnect\": could not find dataconnect.yaml in `c:\\Dev\\sosun-fihaara-firebase\\dataconnect`\n"}}
[debug] [2026-07-01T14:21:43.916Z] E0701 19:21:43.917157   15268 watch.go:40] Failed to load config from "c:\\Dev\\sosun-fihaara-firebase\\dataconnect": could not find dataconnect.yaml in `c:\Dev\sosun-fihaara-firebase\dataconnect`
 {"metadata":{"emulator":{"name":"dataconnect"},"message":"E0701 19:21:43.917157   15268 watch.go:40] Failed to load config from \"c:\\\\Dev\\\\sosun-fihaara-firebase\\\\dataconnect\": could not find dataconnect.yaml in `c:\\Dev\\sosun-fihaara-firebase\\dataconnect`\n"}}
[debug] [2026-07-01T14:21:53.916Z] E0701 19:21:53.917389   15268 watch.go:116] watchAllDir unable to walk dir `c:\Dev\sosun-fihaara-firebase\dataconnect`: GetFileAttributesEx c:\Dev\sosun-fihaara-firebase\dataconnect: The system cannot find the file specified.
E0701 19:21:53.917389   15268 watch.go:40] Failed to load config from "c:\\Dev\\sosun-fihaara-firebase\\dataconnect": could not find dataconnect.yaml in `c:\Dev\sosun-fihaara-firebase\dataconnect`
 {"metadata":{"emulator":{"name":"dataconnect"},"message":"E0701 19:21:53.917389   15268 watch.go:116] watchAllDir unable to walk dir `c:\\Dev\\sosun-fihaara-firebase\\dataconnect`: GetFileAttributesEx c:\\Dev\\sosun-fihaara-firebase\\dataconnect: The system cannot find the file specified.\nE0701 19:21:53.917389   15268 watch.go:40] Failed to load config from \"c:\\\\Dev\\\\sosun-fihaara-firebase\\\\dataconnect\": could not find dataconnect.yaml in `c:\\Dev\\sosun-fihaara-firebase\\dataconnect`\n"}}
[debug] [2026-07-01T14:22:03.916Z] E0701 19:22:03.917386   15268 watch.go:40] Failed to load config from "c:\\Dev\\sosun-fihaara-firebase\\dataconnect": could not find dataconnect.yaml in `c:\Dev\sosun-fihaara-firebase\dataconnect`
 {"metadata":{"emulator":{"name":"dataconnect"},"message":"E0701 19:22:03.917386   15268 watch.go:40] Failed to load config from \"c:\\\\Dev\\\\sosun-fihaara-firebase\\\\dataconnect\": could not find dataconnect.yaml in `c:\\Dev\\sosun-fihaara-firebase\\dataconnect`\n"}}
[debug] [2026-07-01T14:22:13.916Z] E0701 19:22:13.917127   15268 watch.go:40] Failed to load config from "c:\\Dev\\sosun-fihaara-firebase\\dataconnect": could not find dataconnect.yaml in `c:\Dev\sosun-fihaara-firebase\dataconnect`
 {"metadata":{"emulator":{"name":"dataconnect"},"message":"E0701 19:22:13.917127   15268 watch.go:40] Failed to load config from \"c:\\\\Dev\\\\sosun-fihaara-firebase\\\\dataconnect\": could not find dataconnect.yaml in `c:\\Dev\\sosun-fihaara-firebase\\dataconnect`\n"}}
[debug] [2026-07-01T14:22:23.917Z] E0701 19:22:23.917711   15268 watch.go:40] Failed to load config from "c:\\Dev\\sosun-fihaara-firebase\\dataconnect": could not find dataconnect.yaml in `c:\Dev\sosun-fihaara-firebase\dataconnect`
 {"metadata":{"emulator":{"name":"dataconnect"},"message":"E0701 19:22:23.917711   15268 watch.go:40] Failed to load config from \"c:\\\\Dev\\\\sosun-fihaara-firebase\\\\dataconnect\": could not find dataconnect.yaml in `c:\\Dev\\sosun-fihaara-firebase\\dataconnect`\n"}}
[debug] [2026-07-01T14:22:33.916Z] E0701 19:22:33.917393   15268 watch.go:40] Failed to load config from "c:\\Dev\\sosun-fihaara-firebase\\dataconnect": could not find dataconnect.yaml in `c:\Dev\sosun-fihaara-firebase\dataconnect`
 {"metadata":{"emulator":{"name":"dataconnect"},"message":"E0701 19:22:33.917393   15268 watch.go:40] Failed to load config from \"c:\\\\Dev\\\\sosun-fihaara-firebase\\\\dataconnect\": could not find dataconnect.yaml in `c:\\Dev\\sosun-fihaara-firebase\\dataconnect`\n"}}
[debug] [2026-07-01T14:22:43.916Z] E0701 19:22:43.917261   15268 watch.go:40] Failed to load config from "c:\\Dev\\sosun-fihaara-firebase\\dataconnect": could not find dataconnect.yaml in `c:\Dev\sosun-fihaara-firebase\dataconnect`
 {"metadata":{"emulator":{"name":"dataconnect"},"message":"E0701 19:22:43.917261   15268 watch.go:40] Failed to load config from \"c:\\\\Dev\\\\sosun-fihaara-firebase\\\\dataconnect\": could not find dataconnect.yaml in `c:\\Dev\\sosun-fihaara-firebase\\dataconnect`\n"}}
[debug] [2026-07-01T14:22:53.917Z] E0701 19:22:53.917531   15268 watch.go:40] Failed to load config from "c:\\Dev\\sosun-fihaara-firebase\\dataconnect": could not find dataconnect.yaml in `c:\Dev\sosun-fihaara-firebase\dataconnect`
 {"metadata":{"emulator":{"name":"dataconnect"},"message":"E0701 19:22:53.917531   15268 watch.go:40] Failed to load config from \"c:\\\\Dev\\\\sosun-fihaara-firebase\\\\dataconnect\": could not find dataconnect.yaml in `c:\\Dev\\sosun-fihaara-firebase\\dataconnect`\n"}}
[debug] [2026-07-01T14:22:53.918Z] E0701 19:22:53.917531   15268 watch.go:116] watchAllDir unable to walk dir `c:\Dev\sosun-fihaara-firebase\dataconnect`: GetFileAttributesEx c:\Dev\sosun-fihaara-firebase\dataconnect: The system cannot find the file specified.
 {"metadata":{"emulator":{"name":"dataconnect"},"message":"E0701 19:22:53.917531   15268 watch.go:116] watchAllDir unable to walk dir `c:\\Dev\\sosun-fihaara-firebase\\dataconnect`: GetFileAttributesEx c:\\Dev\\sosun-fihaara-firebase\\dataconnect: The system cannot find the file specified.\n"}}
[debug] [2026-07-01T14:23:03.916Z] E0701 19:23:03.916978   15268 watch.go:40] Failed to load config from "c:\\Dev\\sosun-fihaara-firebase\\dataconnect": could not find dataconnect.yaml in `c:\Dev\sosun-fihaara-firebase\dataconnect`
 {"metadata":{"emulator":{"name":"dataconnect"},"message":"E0701 19:23:03.916978   15268 watch.go:40] Failed to load config from \"c:\\\\Dev\\\\sosun-fihaara-firebase\\\\dataconnect\": could not find dataconnect.yaml in `c:\\Dev\\sosun-fihaara-firebase\\dataconnect`\n"}}
[debug] [2026-07-01T14:23:13.917Z] E0701 19:23:13.917597   15268 watch.go:40] Failed to load config from "c:\\Dev\\sosun-fihaara-firebase\\dataconnect": could not find dataconnect.yaml in `c:\Dev\sosun-fihaara-firebase\dataconnect`
 {"metadata":{"emulator":{"name":"dataconnect"},"message":"E0701 19:23:13.917597   15268 watch.go:40] Failed to load config from \"c:\\\\Dev\\\\sosun-fihaara-firebase\\\\dataconnect\": could not find dataconnect.yaml in `c:\\Dev\\sosun-fihaara-firebase\\dataconnect`\n"}}
[debug] [2026-07-01T14:23:23.917Z] E0701 19:23:23.917400   15268 watch.go:40] Failed to load config from "c:\\Dev\\sosun-fihaara-firebase\\dataconnect": could not find dataconnect.yaml in `c:\Dev\sosun-fihaara-firebase\dataconnect`
 {"metadata":{"emulator":{"name":"dataconnect"},"message":"E0701 19:23:23.917400   15268 watch.go:40] Failed to load config from \"c:\\\\Dev\\\\sosun-fihaara-firebase\\\\dataconnect\": could not find dataconnect.yaml in `c:\\Dev\\sosun-fihaara-firebase\\dataconnect`\n"}}
[debug] [2026-07-01T14:23:33.917Z] E0701 19:23:33.917264   15268 watch.go:40] Failed to load config from "c:\\Dev\\sosun-fihaara-firebase\\dataconnect": could not find dataconnect.yaml in `c:\Dev\sosun-fihaara-firebase\dataconnect`
 {"metadata":{"emulator":{"name":"dataconnect"},"message":"E0701 19:23:33.917264   15268 watch.go:40] Failed to load config from \"c:\\\\Dev\\\\sosun-fihaara-firebase\\\\dataconnect\": could not find dataconnect.yaml in `c:\\Dev\\sosun-fihaara-firebase\\dataconnect`\n"}}
[debug] [2026-07-01T14:23:43.917Z] E0701 19:23:43.917441   15268 watch.go:40] Failed to load config from "c:\\Dev\\sosun-fihaara-firebase\\dataconnect": could not find dataconnect.yaml in `c:\Dev\sosun-fihaara-firebase\dataconnect`
 {"metadata":{"emulator":{"name":"dataconnect"},"message":"E0701 19:23:43.917441   15268 watch.go:40] Failed to load config from \"c:\\\\Dev\\\\sosun-fihaara-firebase\\\\dataconnect\": could not find dataconnect.yaml in `c:\\Dev\\sosun-fihaara-firebase\\dataconnect`\n"}}
[debug] [2026-07-01T14:23:53.917Z] E0701 19:23:53.917507   15268 watch.go:116] watchAllDir unable to walk dir `c:\Dev\sosun-fihaara-firebase\dataconnect`: GetFileAttributesEx c:\Dev\sosun-fihaara-firebase\dataconnect: The system cannot find the file specified.
E0701 19:23:53.917507   15268 watch.go:40] Failed to load config from "c:\\Dev\\sosun-fihaara-firebase\\dataconnect": could not find dataconnect.yaml in `c:\Dev\sosun-fihaara-firebase\dataconnect`
 {"metadata":{"emulator":{"name":"dataconnect"},"message":"E0701 19:23:53.917507   15268 watch.go:116] watchAllDir unable to walk dir `c:\\Dev\\sosun-fihaara-firebase\\dataconnect`: GetFileAttributesEx c:\\Dev\\sosun-fihaara-firebase\\dataconnect: The system cannot find the file specified.\nE0701 19:23:53.917507   15268 watch.go:40] Failed to load config from \"c:\\\\Dev\\\\sosun-fihaara-firebase\\\\dataconnect\": could not find dataconnect.yaml in `c:\\Dev\\sosun-fihaara-firebase\\dataconnect`\n"}}
[debug] [2026-07-01T14:24:03.917Z] E0701 19:24:03.917351   15268 watch.go:40] Failed to load config from "c:\\Dev\\sosun-fihaara-firebase\\dataconnect": could not find dataconnect.yaml in `c:\Dev\sosun-fihaara-firebase\dataconnect`
 {"metadata":{"emulator":{"name":"dataconnect"},"message":"E0701 19:24:03.917351   15268 watch.go:40] Failed to load config from \"c:\\\\Dev\\\\sosun-fihaara-firebase\\\\dataconnect\": could not find dataconnect.yaml in `c:\\Dev\\sosun-fihaara-firebase\\dataconnect`\n"}}
[debug] [2026-07-01T14:24:13.918Z] E0701 19:24:13.917958   15268 watch.go:40] Failed to load config from "c:\\Dev\\sosun-fihaara-firebase\\dataconnect": could not find dataconnect.yaml in `c:\Dev\sosun-fihaara-firebase\dataconnect`
 {"metadata":{"emulator":{"name":"dataconnect"},"message":"E0701 19:24:13.917958   15268 watch.go:40] Failed to load config from \"c:\\\\Dev\\\\sosun-fihaara-firebase\\\\dataconnect\": could not find dataconnect.yaml in `c:\\Dev\\sosun-fihaara-firebase\\dataconnect`\n"}}
[debug] [2026-07-01T14:24:23.917Z] E0701 19:24:23.917398   15268 watch.go:40] Failed to load config from "c:\\Dev\\sosun-fihaara-firebase\\dataconnect": could not find dataconnect.yaml in `c:\Dev\sosun-fihaara-firebase\dataconnect`
 {"metadata":{"emulator":{"name":"dataconnect"},"message":"E0701 19:24:23.917398   15268 watch.go:40] Failed to load config from \"c:\\\\Dev\\\\sosun-fihaara-firebase\\\\dataconnect\": could not find dataconnect.yaml in `c:\\Dev\\sosun-fihaara-firebase\\dataconnect`\n"}}
[debug] [2026-07-01T14:24:33.920Z] E0701 19:24:33.919288   15268 watch.go:40] Failed to load config from "c:\\Dev\\sosun-fihaara-firebase\\dataconnect": could not find dataconnect.yaml in `c:\Dev\sosun-fihaara-firebase\dataconnect`
 {"metadata":{"emulator":{"name":"dataconnect"},"message":"E0701 19:24:33.919288   15268 watch.go:40] Failed to load config from \"c:\\\\Dev\\\\sosun-fihaara-firebase\\\\dataconnect\": could not find dataconnect.yaml in `c:\\Dev\\sosun-fihaara-firebase\\dataconnect`\n"}}
[info] [Firebase Plugin] Stopping SQL Connect toolkit
[debug] [2026-07-01T14:25:01.264Z] [Firebase Plugin] Activating Firebase extension.
[debug] [2026-07-01T14:25:04.105Z] [Firebase Plugin] requireAuthWrapper
[debug] [2026-07-01T14:25:04.107Z] > command requires scopes: ["email","openid","https://www.googleapis.com/auth/cloudplatformprojects.readonly","https://www.googleapis.com/auth/firebase","https://www.googleapis.com/auth/cloud-platform"]
[debug] [2026-07-01T14:25:04.107Z] > authorizing via signed-in user (boston.sqelll@gmail.com)
[debug] [2026-07-01T14:25:04.109Z] Checked if tokens are valid: true, expires at: 1782918948375
[debug] [2026-07-01T14:25:04.109Z] Checked if tokens are valid: true, expires at: 1782918948375
[debug] [2026-07-01T14:25:04.109Z] [Firebase Plugin] User found:  boston.sqelll@gmail.com
[info] [Firebase Plugin] (Core:Project) New user detected, fetching projects
[debug] [2026-07-01T14:25:04.110Z] Checked if tokens are valid: true, expires at: 1782918948375
[debug] [2026-07-01T14:25:04.111Z] >>> [apiv2][query] GET https://firebase.googleapis.com/v1beta1/projects pageSize=1000
[debug] [2026-07-01T14:25:04.117Z] [Firebase Plugin] VSCode notification server listening on port 40001
[debug] [2026-07-01T14:25:04.310Z] Field "/storage" in "firebase.json" is possibly invalid: must be object
[debug] [2026-07-01T14:25:04.310Z] Object "/storage/0" in "firebase.json" is missing required property: {"missingProperty":"bucket"}
[debug] [2026-07-01T14:25:04.311Z] Field "/storage" in "firebase.json" is possibly invalid: must match a schema in anyOf
[info] [Firebase Plugin] Starting SQL Connect toolkit (version 3.4.11) on port 50001
[debug] [2026-07-01T14:25:04.370Z] 'fdc build' failed with error: Unable to build your SQL Connect schema and connectors (exit code 1): E0701 19:25:04.365656   27596 cmd.go:43] Error loading data connect config: could not find dataconnect.yaml in `c:\Dev\sosun-fihaara-firebase\dataconnect`
 {"metadata":{"emulator":{"name":"dataconnect"},"message":"'fdc build' failed with error: Unable to build your SQL Connect schema and connectors (exit code 1): E0701 19:25:04.365656   27596 cmd.go:43] Error loading data connect config: could not find dataconnect.yaml in `c:\\Dev\\sosun-fihaara-firebase\\dataconnect`\n"}}
[debug] [2026-07-01T14:25:04.370Z] Ignoring unsupported arg: auto_download {"metadata":{"emulator":{"name":"dataconnect"},"message":"Ignoring unsupported arg: auto_download"}}
[debug] [2026-07-01T14:25:04.371Z] Ignoring unsupported arg: port {"metadata":{"emulator":{"name":"dataconnect"},"message":"Ignoring unsupported arg: port"}}
[debug] [2026-07-01T14:25:04.371Z] Starting SQL Connect Emulator with command {"binary":"C:\\Users\\User\\.cache\\firebase\\emulators\\dataconnect-emulator-3.4.11.exe","args":["--logtostderr","-v=2","dev","--listen=localhost:50001","--config_dir=c:\\Dev\\sosun-fihaara-firebase\\dataconnect","--enable_output_schema_extensions=true","--enable_output_generated_sdk=true"],"optionalArgs":["listen","config_dir","enable_output_schema_extensions","enable_output_generated_sdk"],"joinArgs":true,"shell":false,"port":9399} {"metadata":{"emulator":{"name":"dataconnect"},"message":"Starting SQL Connect Emulator with command {\"binary\":\"C:\\\\Users\\\\User\\\\.cache\\\\firebase\\\\emulators\\\\dataconnect-emulator-3.4.11.exe\",\"args\":[\"--logtostderr\",\"-v=2\",\"dev\",\"--listen=localhost:50001\",\"--config_dir=c:\\\\Dev\\\\sosun-fihaara-firebase\\\\dataconnect\",\"--enable_output_schema_extensions=true\",\"--enable_output_generated_sdk=true\"],\"optionalArgs\":[\"listen\",\"config_dir\",\"enable_output_schema_extensions\",\"enable_output_generated_sdk\"],\"joinArgs\":true,\"shell\":false,\"port\":9399}"}}
[info] i  dataconnect: SQL Connect Emulator logging to dataconnect-debug.log {"metadata":{"emulator":{"name":"dataconnect"},"message":"SQL Connect Emulator logging to \u001b[1mdataconnect-debug.log\u001b[22m"}}
[debug] [2026-07-01T14:25:04.717Z] E0701 19:25:04.429139   30368 dev.go:83] Failed to load initial config from "c:\\Dev\\sosun-fihaara-firebase\\dataconnect": could not find dataconnect.yaml in `c:\Dev\sosun-fihaara-firebase\dataconnect`
E0701 19:25:04.429677   30368 watch.go:116] watchAllDir unable to walk dir `c:\Dev\sosun-fihaara-firebase\dataconnect`: GetFileAttributesEx c:\Dev\sosun-fihaara-firebase\dataconnect: The system cannot find the file specified.
I0701 19:25:04.440459   30368 dev.go:104] Listening on address (HTTP + gRPC): 127.0.0.1:50001
 {"metadata":{"emulator":{"name":"dataconnect"},"message":"E0701 19:25:04.429139   30368 dev.go:83] Failed to load initial config from \"c:\\\\Dev\\\\sosun-fihaara-firebase\\\\dataconnect\": could not find dataconnect.yaml in `c:\\Dev\\sosun-fihaara-firebase\\dataconnect`\nE0701 19:25:04.429677   30368 watch.go:116] watchAllDir unable to walk dir `c:\\Dev\\sosun-fihaara-firebase\\dataconnect`: GetFileAttributesEx c:\\Dev\\sosun-fihaara-firebase\\dataconnect: The system cannot find the file specified.\nI0701 19:25:04.440459   30368 dev.go:104] Listening on address (HTTP + gRPC): 127.0.0.1:50001\n"}}
[error] [Firebase Plugin] error:  {}
[debug] [2026-07-01T14:25:05.323Z] <<< [apiv2][status] GET https://firebase.googleapis.com/v1beta1/projects 200
[debug] [2026-07-01T14:25:05.324Z] <<< [apiv2][body] GET https://firebase.googleapis.com/v1beta1/projects [omitted]
[debug] [2026-07-01T14:25:14.429Z] E0701 19:25:14.430038   30368 watch.go:40] Failed to load config from "c:\\Dev\\sosun-fihaara-firebase\\dataconnect": could not find dataconnect.yaml in `c:\Dev\sosun-fihaara-firebase\dataconnect`
 {"metadata":{"emulator":{"name":"dataconnect"},"message":"E0701 19:25:14.430038   30368 watch.go:40] Failed to load config from \"c:\\\\Dev\\\\sosun-fihaara-firebase\\\\dataconnect\": could not find dataconnect.yaml in `c:\\Dev\\sosun-fihaara-firebase\\dataconnect`\n"}}
[debug] [2026-07-01T14:25:24.430Z] E0701 19:25:24.430979   30368 watch.go:40] Failed to load config from "c:\\Dev\\sosun-fihaara-firebase\\dataconnect": could not find dataconnect.yaml in `c:\Dev\sosun-fihaara-firebase\dataconnect`
 {"metadata":{"emulator":{"name":"dataconnect"},"message":"E0701 19:25:24.430979   30368 watch.go:40] Failed to load config from \"c:\\\\Dev\\\\sosun-fihaara-firebase\\\\dataconnect\": could not find dataconnect.yaml in `c:\\Dev\\sosun-fihaara-firebase\\dataconnect`\n"}}
[debug] [2026-07-01T14:25:34.430Z] E0701 19:25:34.430332   30368 watch.go:40] Failed to load config from "c:\\Dev\\sosun-fihaara-firebase\\dataconnect": could not find dataconnect.yaml in `c:\Dev\sosun-fihaara-firebase\dataconnect`
 {"metadata":{"emulator":{"name":"dataconnect"},"message":"E0701 19:25:34.430332   30368 watch.go:40] Failed to load config from \"c:\\\\Dev\\\\sosun-fihaara-firebase\\\\dataconnect\": could not find dataconnect.yaml in `c:\\Dev\\sosun-fihaara-firebase\\dataconnect`\n"}}
[debug] [2026-07-01T14:25:44.429Z] E0701 19:25:44.430072   30368 watch.go:40] Failed to load config from "c:\\Dev\\sosun-fihaara-firebase\\dataconnect": could not find dataconnect.yaml in `c:\Dev\sosun-fihaara-firebase\dataconnect`
 {"metadata":{"emulator":{"name":"dataconnect"},"message":"E0701 19:25:44.430072   30368 watch.go:40] Failed to load config from \"c:\\\\Dev\\\\sosun-fihaara-firebase\\\\dataconnect\": could not find dataconnect.yaml in `c:\\Dev\\sosun-fihaara-firebase\\dataconnect`\n"}}
[debug] [2026-07-01T14:25:54.429Z] E0701 19:25:54.429930   30368 watch.go:40] Failed to load config from "c:\\Dev\\sosun-fihaara-firebase\\dataconnect": could not find dataconnect.yaml in `c:\Dev\sosun-fihaara-firebase\dataconnect`
 {"metadata":{"emulator":{"name":"dataconnect"},"message":"E0701 19:25:54.429930   30368 watch.go:40] Failed to load config from \"c:\\\\Dev\\\\sosun-fihaara-firebase\\\\dataconnect\": could not find dataconnect.yaml in `c:\\Dev\\sosun-fihaara-firebase\\dataconnect`\n"}}
[debug] [2026-07-01T14:26:04.429Z] E0701 19:26:04.429880   30368 watch.go:116] watchAllDir unable to walk dir `c:\Dev\sosun-fihaara-firebase\dataconnect`: GetFileAttributesEx c:\Dev\sosun-fihaara-firebase\dataconnect: The system cannot find the file specified.
E0701 19:26:04.429880   30368 watch.go:40] Failed to load config from "c:\\Dev\\sosun-fihaara-firebase\\dataconnect": could not find dataconnect.yaml in `c:\Dev\sosun-fihaara-firebase\dataconnect`
 {"metadata":{"emulator":{"name":"dataconnect"},"message":"E0701 19:26:04.429880   30368 watch.go:116] watchAllDir unable to walk dir `c:\\Dev\\sosun-fihaara-firebase\\dataconnect`: GetFileAttributesEx c:\\Dev\\sosun-fihaara-firebase\\dataconnect: The system cannot find the file specified.\nE0701 19:26:04.429880   30368 watch.go:40] Failed to load config from \"c:\\\\Dev\\\\sosun-fihaara-firebase\\\\dataconnect\": could not find dataconnect.yaml in `c:\\Dev\\sosun-fihaara-firebase\\dataconnect`\n"}}
